Using pre-set license
Built from '2022.3/china_unity/release' branch; Version is '2022.3.17f1c1 (a01dafa986ec) revision 10493359'; Using compiler version '192829333'; Build Type 'Release'
OS: 'Windows 11  (10.0.22631) 64bit CoreCountrySpecific' Language: 'zh' Physical Memory: 16176 MB
BatchMode: 1, IsHumanControllingUs: 0, StartBugReporterOnCrash: 0, Is64bit: 1, IsPro: 1

COMMAND LINE ARGUMENTS:
D:\unt\2022.3.17f1c1\Editor\Unity.exe
-adb2
-batchMode
-noUpm
-name
AssetImportWorker0
-projectPath
C:/Users/27337/Desktop/3D_Decrypt
-logFile
Logs/AssetImportWorker0.log
-srvPort
58471
Successfully changed project path to: C:/Users/27337/Desktop/3D_Decrypt
C:/Users/27337/Desktop/3D_Decrypt
[UnityMemory] Configuration Parameters - Can be set up in boot.config
    "memorysetup-bucket-allocator-granularity=16"
    "memorysetup-bucket-allocator-bucket-count=8"
    "memorysetup-bucket-allocator-block-size=33554432"
    "memorysetup-bucket-allocator-block-count=8"
    "memorysetup-main-allocator-block-size=16777216"
    "memorysetup-thread-allocator-block-size=16777216"
    "memorysetup-gfx-main-allocator-block-size=16777216"
    "memorysetup-gfx-thread-allocator-block-size=16777216"
    "memorysetup-cache-allocator-block-size=4194304"
    "memorysetup-typetree-allocator-block-size=2097152"
    "memorysetup-profiler-bucket-allocator-granularity=16"
    "memorysetup-profiler-bucket-allocator-bucket-count=8"
    "memorysetup-profiler-bucket-allocator-block-size=33554432"
    "memorysetup-profiler-bucket-allocator-block-count=8"
    "memorysetup-profiler-allocator-block-size=16777216"
    "memorysetup-profiler-editor-allocator-block-size=1048576"
    "memorysetup-temp-allocator-size-main=16777216"
    "memorysetup-job-temp-allocator-block-size=2097152"
    "memorysetup-job-temp-allocator-block-size-background=1048576"
    "memorysetup-job-temp-allocator-reduction-small-platforms=262144"
    "memorysetup-allocator-temp-initial-block-size-main=262144"
    "memorysetup-allocator-temp-initial-block-size-worker=262144"
    "memorysetup-temp-allocator-size-background-worker=32768"
    "memorysetup-temp-allocator-size-job-worker=262144"
    "memorysetup-temp-allocator-size-preload-manager=33554432"
    "memorysetup-temp-allocator-size-nav-mesh-worker=65536"
    "memorysetup-temp-allocator-size-audio-worker=65536"
    "memorysetup-temp-allocator-size-cloud-worker=32768"
    "memorysetup-temp-allocator-size-gi-baking-worker=262144"
    "memorysetup-temp-allocator-size-gfx=262144"
Player connection [11584] Host "[IP] 10.10.255.219 [Port] 0 [Flags] 2 [Guid] 4199766291 [EditorId] 4199766291 [Version] 1048832 [Id] WindowsEditor(7,ав) [Debug] 1 [PackageName] WindowsEditor [ProjectName] Editor" joined multi-casting on [225.0.0.222:54997]...

Player connection [11584] Host "[IP] 10.10.255.219 [Port] 0 [Flags] 2 [Guid] 4199766291 [EditorId] 4199766291 [Version] 1048832 [Id] WindowsEditor(7,ав) [Debug] 1 [PackageName] WindowsEditor [ProjectName] Editor" joined alternative multi-casting on [225.0.0.222:34997]...

[Physics::Module] Initialized MultithreadedJobDispatcher with 15 workers.
Refreshing native plugins compatible for Editor in 23.16 ms, found 3 plugins.
Preloading 0 native plugins for Editor in 0.00 ms.
Initialize engine version: 2022.3.17f1c1 (a01dafa986ec)
[Subsystems] Discovering subsystems at path D:/unt/2022.3.17f1c1/Editor/Data/Resources/UnitySubsystems
[Subsystems] Discovering subsystems at path C:/Users/27337/Desktop/3D_Decrypt/Assets
GfxDevice: creating device client; threaded=0; jobified=0
Direct3D:
    Version:  Direct3D 11.0 [level 11.1]
    Renderer: NVIDIA GeForce RTX 3060 Laptop GPU (ID=0x2560)
    Vendor:   NVIDIA
    VRAM:     6009 MB
    Driver:   31.0.15.3114
Initialize mono
Mono path[0] = 'D:/unt/2022.3.17f1c1/Editor/Data/Managed'
Mono path[1] = 'D:/unt/2022.3.17f1c1/Editor/Data/MonoBleedingEdge/lib/mono/unityjit-win32'
Mono config path = 'D:/unt/2022.3.17f1c1/Editor/Data/MonoBleedingEdge/etc'
Using monoOptions --debugger-agent=transport=dt_socket,embedding=1,server=y,suspend=n,address=127.0.0.1:56908
Begin MonoManager ReloadAssembly
Registering precompiled unity dll's ...
Register platform support module: D:/unt/2022.3.17f1c1/Editor/Data/PlaybackEngines/AndroidPlayer/UnityEditor.Android.Extensions.dll
Register platform support module: D:/unt/2022.3.17f1c1/Editor/Data/PlaybackEngines/WindowsStandaloneSupport/UnityEditor.WindowsStandalone.Extensions.dll
Registered in 0.007169 seconds.
- Loaded All Assemblies, in  0.326 seconds
Native extension for WindowsStandalone target not found
Native extension for Android target not found
Android Extension - Scanning For ADB Devices 265 ms
Mono: successfully reloaded assembly
- Finished resetting the current domain, in  0.544 seconds
Domain Reload Profiling: 865ms
	BeginReloadAssembly (112ms)
		ExecutionOrderSort (0ms)
		DisableScriptedObjects (0ms)
		BackupInstance (0ms)
		ReleaseScriptingObjects (0ms)
		CreateAndSetChildDomain (1ms)
	RebuildCommonClasses (26ms)
	RebuildNativeTypeToScriptingClass (8ms)
	initialDomainReloadingComplete (49ms)
	LoadAllAssembliesAndSetupDomain (125ms)
		LoadAssemblies (108ms)
		RebuildTransferFunctionScriptingTraits (0ms)
		AnalyzeDomain (123ms)
			TypeCache.Refresh (122ms)
				TypeCache.ScanAssembly (111ms)
			ScanForSourceGeneratedMonoScriptInfo (0ms)
			ResolveRequiredComponents (0ms)
	FinalizeReload (545ms)
		ReleaseScriptCaches (0ms)
		RebuildScriptCaches (0ms)
		SetupLoadedEditorAssemblies (493ms)
			LogAssemblyErrors (0ms)
			InitializePlatformSupportModulesInManaged (359ms)
			SetLoadedEditorAssemblies (3ms)
			RefreshPlugins (0ms)
			BeforeProcessingInitializeOnLoad (2ms)
			ProcessInitializeOnLoadAttributes (92ms)
			ProcessInitializeOnLoadMethodAttributes (38ms)
			AfterProcessingInitializeOnLoad (0ms)
			EditorAssembliesLoaded (0ms)
		ExecutionOrderSort2 (0ms)
		AwakeInstancesAfterBackupRestoration (0ms)
========================================================================
Worker process is ready to serve import requests
Begin MonoManager ReloadAssembly
- Loaded All Assemblies, in  0.601 seconds
Refreshing native plugins compatible for Editor in 8.67 ms, found 3 plugins.
Native extension for WindowsStandalone target not found
Native extension for Android target not found
Package Manager log level set to [2]
[Package Manager] Server::EnsureServerProcessIsRunning -- launch failed, reason: Unity was launched with the -noUpm command-line argument
[Package Manager] UpmClient::Send -- Unable to send message (not connected to UPM process).
[Package Manager] Cannot connect to Unity Package Manager local server
Mono: successfully reloaded assembly
- Finished resetting the current domain, in  0.702 seconds
Domain Reload Profiling: 1297ms
	BeginReloadAssembly (130ms)
		ExecutionOrderSort (0ms)
		DisableScriptedObjects (4ms)
		BackupInstance (0ms)
		ReleaseScriptingObjects (0ms)
		CreateAndSetChildDomain (18ms)
	RebuildCommonClasses (29ms)
	RebuildNativeTypeToScriptingClass (8ms)
	initialDomainReloadingComplete (43ms)
	LoadAllAssembliesAndSetupDomain (384ms)
		LoadAssemblies (319ms)
		RebuildTransferFunctionScriptingTraits (0ms)
		AnalyzeDomain (144ms)
			TypeCache.Refresh (127ms)
				TypeCache.ScanAssembly (114ms)
			ScanForSourceGeneratedMonoScriptInfo (13ms)
			ResolveRequiredComponents (4ms)
	FinalizeReload (702ms)
		ReleaseScriptCaches (0ms)
		RebuildScriptCaches (0ms)
		SetupLoadedEditorAssemblies (580ms)
			LogAssemblyErrors (0ms)
			InitializePlatformSupportModulesInManaged (20ms)
			SetLoadedEditorAssemblies (3ms)
			RefreshPlugins (0ms)
			BeforeProcessingInitializeOnLoad (52ms)
			ProcessInitializeOnLoadAttributes (482ms)
			ProcessInitializeOnLoadMethodAttributes (15ms)
			AfterProcessingInitializeOnLoad (7ms)
			EditorAssembliesLoaded (0ms)
		ExecutionOrderSort2 (0ms)
		AwakeInstancesAfterBackupRestoration (7ms)
Launched and connected shader compiler UnityShaderCompiler.exe after 0.04 seconds
Refreshing native plugins compatible for Editor in 9.94 ms, found 3 plugins.
Preloading 0 native plugins for Editor in 0.00 ms.
Unloading 3096 Unused Serialized files (Serialized files now loaded: 0)
Unloading 33 unused Assets / (57.8 KB). Loaded Objects now: 3560.
Memory consumption went from 133.1 MB to 133.0 MB.
Total: 3.224500 ms (FindLiveObjects: 0.184600 ms CreateObjectMapping: 0.080800 ms MarkObjects: 2.820600 ms  DeleteObjects: 0.137200 ms)

AssetImportParameters requested are different than current active one (requested -> active):
  custom:container-demuxer-ogg: 62fdf1f143b41e24485cea50d1cbac27 -> 
  custom:video-codec-MediaFoundation-h265: 746d11721c4dcdbdad8f713fa42b33f4 -> 
  custom:video-decoder-ogg-theora: a1e56fd34408186e4bbccfd4996cb3dc -> 
  custom:framework-win-MediaFoundation: 216162199b28c13a410421893ffa2e32 -> 
  custom:CustomObjectIndexerAttribute: 6d391050e5a25f67b0a2c618074f2cd9 -> 
  custom:container-demuxer-webm: 4f35f7cbe854078d1ac9338744f61a02 -> 
  custom:container-muxer-webm: aa71ff27fc2769a1b78a27578f13a17b -> 
  custom:video-decoder-webm-vp8: 9c59270c3fd7afecdb556c50c9e8de78 -> 
  custom:SearchIndexIgnoredProperties: e643bd26f0fe6173181afceb89e7c659 -> 
  custom:AudioImporter_EditorPlatform: d09bf68614088b80899f8185d706f6e7 -> 
  custom:video-encoder-webm-vp8: eb34c28f22e8b96e1ab97ce403110664 -> 
  custom:audio-decoder-ogg-vorbis: bf7c407c2cedff20999df2af8eb42d56 -> 
  custom:audio-encoder-webm-vorbis: bf7c407c2cedff20999df2af8eb42d56 -> 
========================================================================
Received Import Request.
  Time since last request: 2309.040698 seconds.
  path: Assets/Horror_Pack_1/Basement_Props/Models/Box_Small_1.FBX
  artifactKey: Guid(5a480ae3d12c1574db90f729f8be6c03) Importer(815301076,1909f56bfc062723c751e8b465ee728b)
Start importing Assets/Horror_Pack_1/Basement_Props/Models/Box_Small_1.FBX using Guid(5a480ae3d12c1574db90f729f8be6c03) Importer(815301076,1909f56bfc062723c751e8b465ee728b)  -> (artifact id: '5e88232dc783f0efaa63230fc23d6b95') in 0.086406 seconds
Number of updated asset objects reloaded before import = 0
Number of asset objects unloaded after import = 7
========================================================================
Received Import Request.
  Time since last request: 19.613322 seconds.
  path: Assets/Horror_Pack_1/Basement_Props/Models/Box_Small_3.FBX
  artifactKey: Guid(e3a70753ba60a8941b9f7c3806a15527) Importer(815301076,1909f56bfc062723c751e8b465ee728b)
Start importing Assets/Horror_Pack_1/Basement_Props/Models/Box_Small_3.FBX using Guid(e3a70753ba60a8941b9f7c3806a15527) Importer(815301076,1909f56bfc062723c751e8b465ee728b)  -> (artifact id: '46f22468b10409d353662a83ddbe5b51') in 0.016060 seconds
Number of updated asset objects reloaded before import = 0
Number of asset objects unloaded after import = 7
========================================================================
Received Import Request.
  Time since last request: 0.703578 seconds.
  path: Assets/Horror_Pack_1/Basement_Props/Materials
  artifactKey: Guid(e1833451b13d04c47abc21e556976b70) Importer(815301076,1909f56bfc062723c751e8b465ee728b)
Start importing Assets/Horror_Pack_1/Basement_Props/Materials using Guid(e1833451b13d04c47abc21e556976b70) Importer(815301076,1909f56bfc062723c751e8b465ee728b)  -> (artifact id: '86f32aeb8c13128fc552ed734409a063') in 0.005611 seconds
Number of updated asset objects reloaded before import = 0
Number of asset objects unloaded after import = 0
========================================================================
Received Import Request.
  Time since last request: 2.461952 seconds.
  path: Assets/Horror_Pack_1/Basement_Props/Models/Box_Large.FBX
  artifactKey: Guid(f03f2d8ff930fe347873c93c3d489c72) Importer(815301076,1909f56bfc062723c751e8b465ee728b)
Start importing Assets/Horror_Pack_1/Basement_Props/Models/Box_Large.FBX using Guid(f03f2d8ff930fe347873c93c3d489c72) Importer(815301076,1909f56bfc062723c751e8b465ee728b)  -> (artifact id: 'a610fbf2aed01bffd92f6e81240c2382') in 0.028955 seconds
Number of updated asset objects reloaded before import = 0
Number of asset objects unloaded after import = 7
========================================================================
Received Import Request.
  Time since last request: 33.234477 seconds.
  path: Assets/Horror_Pack_1/Architectural/Wards/Wards_Wall.FBX
  artifactKey: Guid(f244f1951efb5ae43b64cbea1a8033f6) Importer(815301076,1909f56bfc062723c751e8b465ee728b)
Start importing Assets/Horror_Pack_1/Architectural/Wards/Wards_Wall.FBX using Guid(f244f1951efb5ae43b64cbea1a8033f6) Importer(815301076,1909f56bfc062723c751e8b465ee728b)  -> (artifact id: 'bdb709696b185f805de729c24a41eb02') in 0.013529 seconds
Number of updated asset objects reloaded before import = 0
Number of asset objects unloaded after import = 7
========================================================================
Received Import Request.
  Time since last request: 44.314795 seconds.
  path: Assets/Rin
  artifactKey: Guid(fd764781590dd854e8704cd0f6600946) Importer(815301076,1909f56bfc062723c751e8b465ee728b)
Start importing Assets/Rin using Guid(fd764781590dd854e8704cd0f6600946) Importer(815301076,1909f56bfc062723c751e8b465ee728b)  -> (artifact id: 'f779132f38a695ad013c20241a35c213') in 0.000630 seconds
Number of updated asset objects reloaded before import = 0
Number of asset objects unloaded after import = 0
========================================================================
Received Import Request.
  Time since last request: 80.948168 seconds.
  path: Assets/Horror_Pack_1/Architectural/Textures/Architect_MET.png
  artifactKey: Guid(03e2e2b3af23c5e4189a154e352791bc) Importer(815301076,1909f56bfc062723c751e8b465ee728b)
Start importing Assets/Horror_Pack_1/Architectural/Textures/Architect_MET.png using Guid(03e2e2b3af23c5e4189a154e352791bc) Importer(815301076,1909f56bfc062723c751e8b465ee728b)  -> (artifact id: '040e2fee38f9f3826d4f10fa13f41415') in 0.020451 seconds
Number of updated asset objects reloaded before import = 0
Number of asset objects unloaded after import = 2
========================================================================
Received Import Request.
  Time since last request: 0.862960 seconds.
  path: Assets/Horror_Pack_1/Architectural/Textures/Architect_ALB.psd
  artifactKey: Guid(dfbafa7505cf8e34583fd5417b6c8a95) Importer(815301076,1909f56bfc062723c751e8b465ee728b)
Start importing Assets/Horror_Pack_1/Architectural/Textures/Architect_ALB.psd using Guid(dfbafa7505cf8e34583fd5417b6c8a95) Importer(815301076,1909f56bfc062723c751e8b465ee728b)  -> (artifact id: 'b51cc21af764436abd3512c66fcab54d') in 0.015867 seconds
Number of updated asset objects reloaded before import = 0
Number of asset objects unloaded after import = 2
========================================================================
Received Import Request.
  Time since last request: 1.599743 seconds.
  path: Assets/Horror_Pack_1/Architectural/Textures
  artifactKey: Guid(cddbb66e723c42b4db5b978584f4c71d) Importer(815301076,1909f56bfc062723c751e8b465ee728b)
Start importing Assets/Horror_Pack_1/Architectural/Textures using Guid(cddbb66e723c42b4db5b978584f4c71d) Importer(815301076,1909f56bfc062723c751e8b465ee728b)  -> (artifact id: '4c0aa70db681f9410e0f83d7eaf61d50') in 0.006381 seconds
Number of updated asset objects reloaded before import = 0
Number of asset objects unloaded after import = 0
========================================================================
Received Import Request.
  Time since last request: 1.664590 seconds.
  path: Assets/Horror_Pack_1/Architectural/Office/Models/Office_Windows_Inner.FBX
  artifactKey: Guid(ea7ce96ee5edbd8448993848ae153da3) Importer(815301076,1909f56bfc062723c751e8b465ee728b)
Start importing Assets/Horror_Pack_1/Architectural/Office/Models/Office_Windows_Inner.FBX using Guid(ea7ce96ee5edbd8448993848ae153da3) Importer(815301076,1909f56bfc062723c751e8b465ee728b)  -> (artifact id: '14d1d22bebf9656a75b6fc1b049e0e3a') in 0.015750 seconds
Number of updated asset objects reloaded before import = 0
Number of asset objects unloaded after import = 7
========================================================================
Received Import Request.
  Time since last request: 93.213853 seconds.
  path: Assets/Horror_Pack_1/!Prefabs/Architectural/Wards/Wards_Wall.prefab
  artifactKey: Guid(c89b63e4ee83c3e48a51c54576b208a5) Importer(815301076,1909f56bfc062723c751e8b465ee728b)
Start importing Assets/Horror_Pack_1/!Prefabs/Architectural/Wards/Wards_Wall.prefab using Guid(c89b63e4ee83c3e48a51c54576b208a5) Importer(815301076,1909f56bfc062723c751e8b465ee728b)  -> (artifact id: '24a0f0dbce52d7f9764b0c7657a4f645') in 0.024613 seconds
Number of updated asset objects reloaded before import = 0
Number of asset objects unloaded after import = 12
========================================================================
Received Import Request.
  Time since last request: 104.536322 seconds.
  path: Assets/Horror_Pack_1/!Prefabs/Architectural/Wards/Wards_Wall_Corner.prefab
  artifactKey: Guid(245363f803e65484a95e07fb7b53b917) Importer(815301076,1909f56bfc062723c751e8b465ee728b)
Start importing Assets/Horror_Pack_1/!Prefabs/Architectural/Wards/Wards_Wall_Corner.prefab using Guid(245363f803e65484a95e07fb7b53b917) Importer(815301076,1909f56bfc062723c751e8b465ee728b)  -> (artifact id: '15b895d61c6968738190d77fe11e1cea') in 0.018977 seconds
Number of updated asset objects reloaded before import = 0
Number of asset objects unloaded after import = 12
========================================================================
Received Import Request.
  Time since last request: 11.257607 seconds.
  path: Assets/Horror_Pack_1/Architectural/Wards/Wards_Wall_Corner.FBX
  artifactKey: Guid(6925cb0d798226443835649d2c46777e) Importer(815301076,1909f56bfc062723c751e8b465ee728b)
Start importing Assets/Horror_Pack_1/Architectural/Wards/Wards_Wall_Corner.FBX using Guid(6925cb0d798226443835649d2c46777e) Importer(815301076,1909f56bfc062723c751e8b465ee728b)  -> (artifact id: 'e9457cf14e2feea11b65b7ac49cfc630') in 0.016193 seconds
Number of updated asset objects reloaded before import = 0
Number of asset objects unloaded after import = 7
========================================================================
Received Import Request.
  Time since last request: 297.383894 seconds.
  path: Assets/Rin/Textures/Architect_NM.png
  artifactKey: Guid(1e3c5b8b1ebce244aaacec00fc486337) Importer(815301076,1909f56bfc062723c751e8b465ee728b)
Start importing Assets/Rin/Textures/Architect_NM.png using Guid(1e3c5b8b1ebce244aaacec00fc486337) Importer(815301076,1909f56bfc062723c751e8b465ee728b)  -> (artifact id: '06538caea620e4634583a0b81dd36ea4') in 0.053560 seconds
Number of updated asset objects reloaded before import = 0
Number of asset objects unloaded after import = 2
